<?xml version="1.0" encoding="UTF-8"?>
<testng-results skipped="0" failed="0" total="2" passed="2">
  <reporter-output>
  </reporter-output>
  <suite name="Default suite" duration-ms="96925" started-at="2016-06-03T06:00:33Z" finished-at="2016-06-03T06:02:10Z">
    <groups>
    </groups>
    <test name="Default test" duration-ms="96925" started-at="2016-06-03T06:00:33Z" finished-at="2016-06-03T06:02:10Z">
      <class name="com.tog.test.Registration">
        <test-method status="PASS" signature="configuration()[pri:0, instance:com.tog.test.Registration@1889f191]" name="configuration" is-config="true" duration-ms="14648" started-at="2016-06-03T11:30:33Z" finished-at="2016-06-03T11:30:48Z">
          <reporter-output>
          </reporter-output>
        </test-method> <!-- configuration -->
        <test-method status="PASS" signature="registration()[pri:1, instance:com.tog.test.Registration@1889f191]" name="registration" duration-ms="82253" started-at="2016-06-03T11:30:48Z" finished-at="2016-06-03T11:32:10Z">
          <reporter-output>
          </reporter-output>
        </test-method> <!-- registration -->
        <test-method status="PASS" signature="ProfileSetup()[pri:2, instance:com.tog.test.Registration@1889f191]" name="ProfileSetup" duration-ms="1" started-at="2016-06-03T11:32:10Z" finished-at="2016-06-03T11:32:10Z">
          <reporter-output>
          </reporter-output>
        </test-method> <!-- ProfileSetup -->
      </class> <!-- com.tog.test.Registration -->
    </test> <!-- Default test -->
  </suite> <!-- Default suite -->
</testng-results>
